<?xml version="1.0" encoding="UTF-8"?>
<!-- Generated by org.testng.reporters.JUnitReportReporter -->
<testsuite hostname="M" failures="0" tests="1" name="dev1.ChromeWithWebDriverManagerTest" time="8.838" errors="0" timestamp="2024-12-08T15:37:55 IST" skipped="0">
  <testcase classname="dev1.ChromeWithWebDriverManagerTest" name="checkTheUrl" time="8.838"/>
  <system-out/>
</testsuite> <!-- dev1.ChromeWithWebDriverManagerTest -->
