<?xml version="1.0" encoding="UTF-8"?>
<!-- Generated by org.testng.reporters.JUnitReportReporter -->
<testsuite hostname="M" failures="0" tests="1" name="dev1.ChromeWithWebDriverManagerTest" time="5.334" errors="0" timestamp="2024-12-08T16:10:15 IST" skipped="0">
  <testcase classname="dev1.ChromeWithWebDriverManagerTest" name="checkTheUrl" time="5.334"/>
  <system-out/>
</testsuite> <!-- dev1.ChromeWithWebDriverManagerTest -->
