<?xml version="1.0" encoding="UTF-8"?>
<!-- Generated by org.testng.reporters.JUnitReportReporter -->
<testsuite hostname="M" failures="0" tests="1" name="dev1.ChromeWithWebDriverManagerTest" time="5.029" errors="0" timestamp="2024-12-08T17:13:04 IST" skipped="0">
  <testcase classname="dev1.ChromeWithWebDriverManagerTest" name="checkTheUrl" time="5.029"/>
</testsuite> <!-- dev1.ChromeWithWebDriverManagerTest -->
